[INFO] Disabling enhanced local repository: using legacy is strongly discouraged to ensure build reproducibility.
[INFO] Scanning for projects...
[INFO] 
[INFO] --------< org.example.wash_etl.job:Wa_Anonymous_Users_one_time >--------
[INFO] Building LOCAL_WASH_NEW Wa_Anonymous_Users_one_time-0.1.0 (0.1,Job Designs) 0.1.0
[INFO] --------------------------------[ jar ]---------------------------------
[INFO] 
[INFO] --- maven-resources-plugin:3.0.2:resources (default-resources) @ Wa_Anonymous_Users_one_time ---
[WARNING] Using platform encoding (UTF-8 actually) to copy filtered resources, i.e. build is platform dependent!
[INFO] Copying 1 resource
[INFO] 
[INFO] --- maven-compiler-plugin:3.6.1:compile (default-compile) @ Wa_Anonymous_Users_one_time ---
[WARNING] The POM for org.eclipse.platform:org.eclipse.osgi:jar:3.13.300 is missing, no dependency information available
[WARNING] The POM for org.apache.commons:commons-exec:jar:1.2 is missing, no dependency information available
[INFO] Not compiling main sources
[INFO] 
[INFO] --- maven-resources-plugin:3.0.2:testResources (default-testResources) @ Wa_Anonymous_Users_one_time ---
[INFO] Not copying test resources
[INFO] 
[INFO] --- maven-compiler-plugin:3.6.1:testCompile (default-testCompile) @ Wa_Anonymous_Users_one_time ---
[INFO] Not compiling test sources
[INFO] 
[INFO] --- maven-surefire-plugin:2.20:test (default-test) @ Wa_Anonymous_Users_one_time ---
[INFO] Tests are skipped.
[INFO] 
[INFO] --- maven-jar-plugin:3.0.2:jar (default-jar) @ Wa_Anonymous_Users_one_time ---
[INFO] Building jar: /home/beehyv/Downloads/TOS_DI-20191031_1204-V7.3.1M3/workspace/LOCAL_WASH_NEW/poms/jobs/process/wa_anonymous_users_one_time_0.1/target/wa_anonymous_users_one_time_0_1.jar
[INFO] 
[INFO] --- maven-assembly-plugin:3.0.0:single (default) @ Wa_Anonymous_Users_one_time ---
[INFO] Reading assembly descriptor: /home/beehyv/Downloads/TOS_DI-20191031_1204-V7.3.1M3/workspace/LOCAL_WASH_NEW/poms/jobs/process/wa_anonymous_users_one_time_0.1/src/main/assemblies/assembly.xml
[WARNING] The POM for org.apache.felix:maven-bundle-plugin:jar:2.1.0 is missing, no dependency information available
[INFO] Building zip: /home/beehyv/Downloads/TOS_DI-20191031_1204-V7.3.1M3/workspace/LOCAL_WASH_NEW/poms/jobs/process/wa_anonymous_users_one_time_0.1/target/wa_anonymous_users_one_time_0_1.zip
[INFO] ------------------------------------------------------------------------
[INFO] BUILD SUCCESS
[INFO] ------------------------------------------------------------------------
[INFO] Total time: 3.353 s
[INFO] Finished at: 2019-11-19T14:50:04+05:30
[INFO] ------------------------------------------------------------------------
