[INFO] Disabling enhanced local repository: using legacy is strongly discouraged to ensure build reproducibility.
[INFO] Scanning for projects...
[INFO] 
[INFO] ------------< org.example.wash_etl.job:StateUserDetails_1 >-------------
[INFO] Building LOCAL_WASH_NEW StateUserDetails_1-0.1.0 (0.1,Job Designs) 0.1.0
[INFO] --------------------------------[ jar ]---------------------------------
[WARNING] The POM for commons-collections:commons-collections:jar:3.2.2 is missing, no dependency information available
[INFO] 
[INFO] --- maven-resources-plugin:3.0.2:resources (default-resources) @ StateUserDetails_1 ---
[WARNING] Using platform encoding (UTF-8 actually) to copy filtered resources, i.e. build is platform dependent!
[INFO] Copying 1 resource
[INFO] 
[INFO] --- maven-compiler-plugin:3.6.1:compile (default-compile) @ StateUserDetails_1 ---
[WARNING] The POM for org.eclipse.platform:org.eclipse.osgi:jar:3.13.300 is missing, no dependency information available
[WARNING] The POM for org.apache.commons:commons-exec:jar:1.2 is missing, no dependency information available
[INFO] Not compiling main sources
[INFO] 
[INFO] --- maven-resources-plugin:3.0.2:testResources (default-testResources) @ StateUserDetails_1 ---
[INFO] Not copying test resources
[INFO] 
[INFO] --- maven-compiler-plugin:3.6.1:testCompile (default-testCompile) @ StateUserDetails_1 ---
[INFO] Not compiling test sources
[INFO] 
[INFO] --- maven-surefire-plugin:2.20:test (default-test) @ StateUserDetails_1 ---
[INFO] Tests are skipped.
[INFO] 
[INFO] --- maven-jar-plugin:3.0.2:jar (default-jar) @ StateUserDetails_1 ---
[INFO] Building jar: /home/beehyv/Downloads/TOS_DI-20191031_1204-V7.3.1M3/workspace/LOCAL_WASH_NEW/poms/jobs/process/stateuserdetails_1_0.1/target/stateuserdetails_1_0_1.jar
[INFO] 
[INFO] --- maven-assembly-plugin:3.0.0:single (default) @ StateUserDetails_1 ---
[INFO] Reading assembly descriptor: /home/beehyv/Downloads/TOS_DI-20191031_1204-V7.3.1M3/workspace/LOCAL_WASH_NEW/poms/jobs/process/stateuserdetails_1_0.1/src/main/assemblies/assembly.xml
[WARNING] Missing POM for commons-collections:commons-collections:jar:3.2.2
[WARNING] The POM for org.apache.felix:maven-bundle-plugin:jar:2.1.0 is missing, no dependency information available
[INFO] Building zip: /home/beehyv/Downloads/TOS_DI-20191031_1204-V7.3.1M3/workspace/LOCAL_WASH_NEW/poms/jobs/process/stateuserdetails_1_0.1/target/stateuserdetails_1_0_1.zip
[INFO] ------------------------------------------------------------------------
[INFO] BUILD SUCCESS
[INFO] ------------------------------------------------------------------------
[INFO] Total time: 2.751 s
[INFO] Finished at: 2019-11-19T14:16:53+05:30
[INFO] ------------------------------------------------------------------------
