[INFO] Disabling enhanced local repository: using legacy is strongly discouraged to ensure build reproducibility.
[INFO] Scanning for projects...
[INFO] 
[INFO] ---------------< org.example.wash_etl.job:WA_MK_ETL_JOB >---------------
[INFO] Building LOCAL_WASH_NEW WA_MK_ETL_JOB-0.3.0 (0.3,Job Designs) 0.3.0
[INFO] --------------------------------[ jar ]---------------------------------
[INFO] 
[INFO] --- maven-resources-plugin:3.0.2:resources (default-resources) @ WA_MK_ETL_JOB ---
[WARNING] Using platform encoding (UTF-8 actually) to copy filtered resources, i.e. build is platform dependent!
[INFO] Copying 1 resource
[INFO] 
[INFO] --- maven-compiler-plugin:3.6.1:compile (default-compile) @ WA_MK_ETL_JOB ---
[WARNING] The POM for org.eclipse.platform:org.eclipse.osgi:jar:3.13.300 is missing, no dependency information available
[WARNING] The POM for org.apache.commons:commons-exec:jar:1.2 is missing, no dependency information available
[INFO] Not compiling main sources
[INFO] 
[INFO] --- maven-resources-plugin:3.0.2:testResources (default-testResources) @ WA_MK_ETL_JOB ---
[INFO] Not copying test resources
[INFO] 
[INFO] --- maven-compiler-plugin:3.6.1:testCompile (default-testCompile) @ WA_MK_ETL_JOB ---
[INFO] Not compiling test sources
[INFO] 
[INFO] --- maven-surefire-plugin:2.20:test (default-test) @ WA_MK_ETL_JOB ---
[INFO] Tests are skipped.
[INFO] 
[INFO] --- maven-jar-plugin:3.0.2:jar (default-jar) @ WA_MK_ETL_JOB ---
[INFO] Building jar: /home/beehyv/Downloads/TOS_DI-20191031_1204-V7.3.1M3/workspace/LOCAL_WASH_NEW/poms/jobs/process/wa_mk_etl_job_0.3/target/wa_mk_etl_job_0_3.jar
[INFO] 
[INFO] --- maven-assembly-plugin:3.0.0:single (default) @ WA_MK_ETL_JOB ---
[INFO] Reading assembly descriptor: /home/beehyv/Downloads/TOS_DI-20191031_1204-V7.3.1M3/workspace/LOCAL_WASH_NEW/poms/jobs/process/wa_mk_etl_job_0.3/src/main/assemblies/assembly.xml
[WARNING] The POM for org.apache.felix:maven-bundle-plugin:jar:2.1.0 is missing, no dependency information available
[INFO] Building zip: /home/beehyv/Downloads/TOS_DI-20191031_1204-V7.3.1M3/workspace/LOCAL_WASH_NEW/poms/jobs/process/wa_mk_etl_job_0.3/target/wa_mk_etl_job_0_3.zip
[INFO] ------------------------------------------------------------------------
[INFO] BUILD SUCCESS
[INFO] ------------------------------------------------------------------------
[INFO] Total time: 3.204 s
[INFO] Finished at: 2019-11-19T15:48:36+05:30
[INFO] ------------------------------------------------------------------------
